<?xml version="1.0" encoding="UTF-8"?>
<!-- Generated by org.testng.reporters.JUnitReportReporter -->
<testsuite skipped="0" hostname="DESKTOP-4T58S9M" name="MagentoTest" tests="1" failures="0" timestamp="26 Nov 2018 08:10:38 GMT" time="81.452" errors="0">
  <testcase name="posCredentials" time="81.452" classname="MagentoTest"/>
</testsuite> <!-- MagentoTest -->
